<?xml version="1.0" encoding="UTF-8"?>
<!-- Generated by org.testng.reporters.JUnitXMLReporter -->
<testsuite ignored="0" hostname="Mahesh_Laptop" failures="0" tests="4" name="Test1" time="0.038" errors="0" timestamp="2024-05-08T17:53:09 EDT">
  <testcase classname="demo.Base" name="firstTest" time="0.002"/>
  <testcase classname="demo.Child" name="readData" time="0.004"/>
  <testcase classname="demo.Child" name="readData" time="0.001"/>
  <testcase classname="demo.Child" name="secondTest" time="0.003"/>
</testsuite> <!-- Test1 -->
