<?xml version="1.0" encoding="UTF-8"?>
<testng-results ignored="0" total="1" passed="1" failed="0" skipped="0">
  <reporter-output>
  </reporter-output>
  <suite started-at="2024-05-11T21:36:50 EDT" name="Suite" finished-at="2024-05-11T21:36:55 EDT" duration-ms="4902">
    <groups>
      <group name="sanity">
        <method signature="Base.startBrowser()[pri:0, instance:demo.Base@68999068]" name="startBrowser" class="demo.Base"/>
      </group> <!-- sanity -->
    </groups>
    <test started-at="2024-05-11T21:36:50 EDT" name="Test" finished-at="2024-05-11T21:36:55 EDT" duration-ms="4902">
      <class name="demo.Base">
        <test-method signature="startBrowser()[pri:0, instance:demo.Base@68999068]" started-at="2024-05-11T21:36:50 EDT" name="startBrowser" finished-at="2024-05-11T21:36:55 EDT" duration-ms="4868" status="PASS">
          <reporter-output>
          </reporter-output>
        </test-method> <!-- startBrowser -->
      </class> <!-- demo.Base -->
    </test> <!-- Test -->
  </suite> <!-- Suite -->
</testng-results>
